<?xml version="1.0" encoding="UTF-8"?>
<!-- Generated by org.testng.reporters.JUnitReportReporter -->
<testsuite hostname="Bharaths-MacBook-Pro.local" name="com.RAC.TestCases.TestProgram" tests="3" failures="0" timestamp="8 Feb 2016 14:03:55 GMT" time="22.677" errors="0">
  <testcase name="homePage" time="4.927" classname="com.RAC.TestCases.TestProgram"/>
  <testcase name="homePage" time="13.840" classname="com.RAC.TestCases.TestProgram"/>
  <testcase name="homePage" time="3.910" classname="com.RAC.TestCases.TestProgram"/>
</testsuite> <!-- com.RAC.TestCases.TestProgram -->
